2026-04-14 05:36:45,130 Job not found: 'AI Engineer'
2026-04-14 05:43:06,291 Job not found: 'AI Engineer'
2026-04-14 05:49:12,563 Job not found: 'AI Engineer'
2026-04-14 05:49:54,425 FATAL ERROR
Traceback (most recent call last):
  File "C:\xampp\htdocs\Gap2Grow\module2.py", line 148, in <module>
    result = analyzer.analyze()
  File "C:\xampp\htdocs\Gap2Grow\module2.py", line 106, in analyze
    skill_type = (user_skill["type"] or "education").lower()
                  ~~~~~~~~~~^^^^^^^^
TypeError: 'NoneType' object is not subscriptable
2026-04-14 05:55:59,715 Job not found: 'AI Engineer'
2026-04-14 06:04:47,917 FATAL ERROR
Traceback (most recent call last):
  File "C:\xampp\htdocs\Gap2Grow\module2.py", line 155, in <module>
    result = analyzer.analyze()
  File "C:\xampp\htdocs\Gap2Grow\module2.py", line 89, in analyze
    job_id = self.get_job_id()
  File "C:\xampp\htdocs\Gap2Grow\module2.py", line 56, in get_job_id
    if row["job_title"].strip().lower() == self.job_title.strip().lower():
       ~~~^^^^^^^^^^^^^
KeyError: 'job_title'
